<?xml version="1.0" encoding="UTF-8"?>
<testng-results skipped="0" failed="0" ignored="0" total="1" passed="1">
  <reporter-output>
  </reporter-output>
  <suite name="Default suite" duration-ms="1885" started-at="2021-06-16T18:04:47Z" finished-at="2021-06-16T18:04:49Z">
    <groups>
    </groups>
    <test name="Default test" duration-ms="1885" started-at="2021-06-16T18:04:47Z" finished-at="2021-06-16T18:04:49Z">
      <class name="com.practice.resrassured.TestPatchAPICall">
        <test-method status="PASS" signature="setUP()[pri:0, instance:com.practice.resrassured.TestPatchAPICall@1e88b3c]" name="setUP" is-config="true" duration-ms="6" started-at="2021-06-16T18:04:48Z" finished-at="2021-06-16T18:04:48Z">
          <reporter-output>
          </reporter-output>
        </test-method> <!-- setUP -->
        <test-method status="PASS" signature="testPatchCall()[pri:0, instance:com.practice.resrassured.TestPatchAPICall@1e88b3c]" name="testPatchCall" duration-ms="1810" started-at="2021-06-16T18:04:48Z" finished-at="2021-06-16T18:04:49Z">
          <reporter-output>
          </reporter-output>
        </test-method> <!-- testPatchCall -->
      </class> <!-- com.practice.resrassured.TestPatchAPICall -->
    </test> <!-- Default test -->
  </suite> <!-- Default suite -->
</testng-results>
